<?xml version="1.0" encoding="UTF-8"?>
<!-- Generated by org.testng.reporters.JUnitXMLReporter -->
<testsuite hostname="ARPGL000810" ignored="0" name="Default test" tests="4" failures="0" timestamp="2020-09-12T17:10:14 IST" time="5.086" errors="0">
  <testcase name="@BeforeMethod setup" time="4.518" classname="com.qa.testcases.ProductsPageTest">
    <failure type="org.openqa.selenium.SessionNotCreatedException" message="session not created
from disconnected: received Inspector.detached event
  (Session info: chrome=85.0.4183.102)
Build info: version: &amp;apos;3.141.59&amp;apos;, revision: &amp;apos;e82be7d358&amp;apos;, time: &amp;apos;2018-11-14T08:17:03&amp;apos;
System info: host: &amp;apos;ARPGL000810&amp;apos;, ip: &amp;apos;172.27.237.87&amp;apos;, os.name: &amp;apos;Windows 10&amp;apos;, os.arch: &amp;apos;amd64&amp;apos;, os.version: &amp;apos;10.0&amp;apos;, java.version: &amp;apos;1.8.0_261&amp;apos;
Driver info: driver.version: ChromeDriver
remote stacktrace: Backtrace:
	Ordinal0 [0x003687E3+2852835]
	Ordinal0 [0x00255BB1+1727409]
	Ordinal0 [0x0012E4B9+517305]
	Ordinal0 [0x00126959+485721]
	Ordinal0 [0x0012656C+484716]
	Ordinal0 [0x00125E98+482968]
	Ordinal0 [0x001252D1+479953]
	Ordinal0 [0x00125605+480773]
	Ordinal0 [0x00133D0E+539918]
	Ordinal0 [0x0013004C+524364]
	Ordinal0 [0x0012FC75+523381]
	Ordinal0 [0x001302B7+524983]
	Ordinal0 [0x001304B0+525488]
	Ordinal0 [0x000DE55F+189791]
	Ordinal0 [0x000DD7FD+186365]
	Ordinal0 [0x000DB70B+177931]
	Ordinal0 [0x000C2584+75140]
	Ordinal0 [0x000C3650+79440]
	Ordinal0 [0x000C35E9+79337]
	Ordinal0 [0x0026AD5C+1813852]
	GetHandleVerifier [0x0048C616+1075574]
	GetHandleVerifier [0x0048C367+1074887]
	GetHandleVerifier [0x00497497+1120247]
	GetHandleVerifier [0x0048CC16+1077110]
	Ordinal0 [0x00263206+1782278]
	Ordinal0 [0x0026C3BB+1819579]
	Ordinal0 [0x0026C523+1819939]
	Ordinal0 [0x00282B45+1911621]
	BaseThreadInitThunk [0x75526359+25]
	RtlGetAppContainerNamedObjectPath [0x77D07C24+228]
	RtlGetAppContainerNamedObjectPath [0x77D07BF4+180]
	(No symbol) [0x00000000]
">
      <![CDATA[org.openqa.selenium.SessionNotCreatedException: session not created
from disconnected: received Inspector.detached event
  (Session info: chrome=85.0.4183.102)
Build info: version: '3.141.59', revision: 'e82be7d358', time: '2018-11-14T08:17:03'
System info: host: 'ARPGL000810', ip: '172.27.237.87', os.name: 'Windows 10', os.arch: 'amd64', os.version: '10.0', java.version: '1.8.0_261'
Driver info: driver.version: ChromeDriver
remote stacktrace: Backtrace:
Ordinal0 [0x003687E3+2852835]
Ordinal0 [0x00255BB1+1727409]
Ordinal0 [0x0012E4B9+517305]
Ordinal0 [0x00126959+485721]
Ordinal0 [0x0012656C+484716]
Ordinal0 [0x00125E98+482968]
Ordinal0 [0x001252D1+479953]
Ordinal0 [0x00125605+480773]
Ordinal0 [0x00133D0E+539918]
Ordinal0 [0x0013004C+524364]
Ordinal0 [0x0012FC75+523381]
Ordinal0 [0x001302B7+524983]
Ordinal0 [0x001304B0+525488]
Ordinal0 [0x000DE55F+189791]
Ordinal0 [0x000DD7FD+186365]
Ordinal0 [0x000DB70B+177931]
Ordinal0 [0x000C2584+75140]
Ordinal0 [0x000C3650+79440]
Ordinal0 [0x000C35E9+79337]
Ordinal0 [0x0026AD5C+1813852]
GetHandleVerifier [0x0048C616+1075574]
GetHandleVerifier [0x0048C367+1074887]
GetHandleVerifier [0x00497497+1120247]
GetHandleVerifier [0x0048CC16+1077110]
Ordinal0 [0x00263206+1782278]
Ordinal0 [0x0026C3BB+1819579]
Ordinal0 [0x0026C523+1819939]
Ordinal0 [0x00282B45+1911621]
BaseThreadInitThunk [0x75526359+25]
RtlGetAppContainerNamedObjectPath [0x77D07C24+228]
RtlGetAppContainerNamedObjectPath [0x77D07BF4+180]
(No symbol) [0x00000000]

at sun.reflect.NativeConstructorAccessorImpl.newInstance0(Native Method)
at sun.reflect.NativeConstructorAccessorImpl.newInstance(NativeConstructorAccessorImpl.java:62)
at sun.reflect.DelegatingConstructorAccessorImpl.newInstance(DelegatingConstructorAccessorImpl.java:45)
at java.lang.reflect.Constructor.newInstance(Constructor.java:423)
at org.openqa.selenium.remote.W3CHandshakeResponse.lambda$errorHandler$0(W3CHandshakeResponse.java:62)
at org.openqa.selenium.remote.HandshakeResponse.lambda$getResponseFunction$0(HandshakeResponse.java:30)
at org.openqa.selenium.remote.ProtocolHandshake.lambda$createSession$0(ProtocolHandshake.java:126)
at java.util.stream.ReferencePipeline$3$1.accept(ReferencePipeline.java:193)
at java.util.Spliterators$ArraySpliterator.tryAdvance(Spliterators.java:958)
at java.util.stream.ReferencePipeline.forEachWithCancel(ReferencePipeline.java:126)
at java.util.stream.AbstractPipeline.copyIntoWithCancel(AbstractPipeline.java:499)
at java.util.stream.AbstractPipeline.copyInto(AbstractPipeline.java:486)
at java.util.stream.AbstractPipeline.wrapAndCopyInto(AbstractPipeline.java:472)
at java.util.stream.FindOps$FindOp.evaluateSequential(FindOps.java:152)
at java.util.stream.AbstractPipeline.evaluate(AbstractPipeline.java:234)
at java.util.stream.ReferencePipeline.findFirst(ReferencePipeline.java:464)
at org.openqa.selenium.remote.ProtocolHandshake.createSession(ProtocolHandshake.java:128)
at org.openqa.selenium.remote.ProtocolHandshake.createSession(ProtocolHandshake.java:74)
at org.openqa.selenium.remote.HttpCommandExecutor.execute(HttpCommandExecutor.java:136)
at org.openqa.selenium.remote.service.DriverCommandExecutor.execute(DriverCommandExecutor.java:83)
at org.openqa.selenium.remote.RemoteWebDriver.execute(RemoteWebDriver.java:552)
at org.openqa.selenium.remote.RemoteWebDriver.startSession(RemoteWebDriver.java:213)
at org.openqa.selenium.remote.RemoteWebDriver.<init>(RemoteWebDriver.java:131)
at org.openqa.selenium.chrome.ChromeDriver.<init>(ChromeDriver.java:181)
at org.openqa.selenium.chrome.ChromeDriver.<init>(ChromeDriver.java:168)
at org.openqa.selenium.chrome.ChromeDriver.<init>(ChromeDriver.java:123)
at com.qa.base.TestBase.initilization(TestBase.java:60)
at com.qa.testcases.ProductsPageTest.setup(ProductsPageTest.java:35)
at sun.reflect.NativeMethodAccessorImpl.invoke0(Native Method)
at sun.reflect.NativeMethodAccessorImpl.invoke(NativeMethodAccessorImpl.java:62)
at sun.reflect.DelegatingMethodAccessorImpl.invoke(DelegatingMethodAccessorImpl.java:43)
at java.lang.reflect.Method.invoke(Method.java:498)
at org.testng.internal.MethodInvocationHelper.invokeMethod(MethodInvocationHelper.java:132)
at org.testng.internal.MethodInvocationHelper.invokeMethodConsideringTimeout(MethodInvocationHelper.java:61)
at org.testng.internal.ConfigInvoker.invokeConfigurationMethod(ConfigInvoker.java:366)
at org.testng.internal.ConfigInvoker.invokeConfigurations(ConfigInvoker.java:320)
at org.testng.internal.TestInvoker.runConfigMethods(TestInvoker.java:701)
at org.testng.internal.TestInvoker.invokeMethod(TestInvoker.java:527)
at org.testng.internal.TestInvoker.invokeTestMethod(TestInvoker.java:174)
at org.testng.internal.MethodRunner.runInSequence(MethodRunner.java:46)
at org.testng.internal.TestInvoker$MethodInvocationAgent.invoke(TestInvoker.java:822)
at org.testng.internal.TestInvoker.invokeTestMethods(TestInvoker.java:147)
at org.testng.internal.TestMethodWorker.invokeTestMethods(TestMethodWorker.java:146)
at org.testng.internal.TestMethodWorker.run(TestMethodWorker.java:128)
at java.util.ArrayList.forEach(ArrayList.java:1259)
at org.testng.TestRunner.privateRun(TestRunner.java:764)
at org.testng.TestRunner.run(TestRunner.java:585)
at org.testng.SuiteRunner.runTest(SuiteRunner.java:384)
at org.testng.SuiteRunner.runSequentially(SuiteRunner.java:378)
at org.testng.SuiteRunner.privateRun(SuiteRunner.java:337)
at org.testng.SuiteRunner.run(SuiteRunner.java:286)
at org.testng.SuiteRunnerWorker.runSuite(SuiteRunnerWorker.java:53)
at org.testng.SuiteRunnerWorker.run(SuiteRunnerWorker.java:96)
at org.testng.TestNG.runSuitesSequentially(TestNG.java:1218)
at org.testng.TestNG.runSuitesLocally(TestNG.java:1140)
at org.testng.TestNG.runSuites(TestNG.java:1069)
at org.testng.TestNG.run(TestNG.java:1037)
at org.testng.remote.AbstractRemoteTestNG.run(AbstractRemoteTestNG.java:115)
at org.testng.remote.RemoteTestNG.initAndRun(RemoteTestNG.java:251)
at org.testng.remote.RemoteTestNG.main(RemoteTestNG.java:77)
]]>
    </failure>
  </testcase> <!-- @BeforeMethod setup -->
  <testcase name="@AfterMethod tearDown" time="-1.59991081422E9" classname="com.qa.testcases.ProductsPageTest">
    <skipped/>
  </testcase> <!-- @AfterMethod tearDown -->
  <testcase name="@BeforeMethod setup" time="-1.599910814222E9" classname="com.qa.testcases.ProductsPageTest">
    <skipped/>
  </testcase> <!-- @BeforeMethod setup -->
  <testcase name="@AfterMethod tearDown" time="-1.599910814228E9" classname="com.qa.testcases.ProductsPageTest">
    <skipped/>
  </testcase> <!-- @AfterMethod tearDown -->
  <testcase name="@BeforeMethod setup" time="-1.599910814229E9" classname="com.qa.testcases.ProductsPageTest">
    <skipped/>
  </testcase> <!-- @BeforeMethod setup -->
  <testcase name="@AfterMethod tearDown" time="-1.599910814233E9" classname="com.qa.testcases.ProductsPageTest">
    <skipped/>
  </testcase> <!-- @AfterMethod tearDown -->
  <testcase name="@BeforeMethod setup" time="-1.599910814235E9" classname="com.qa.testcases.ProductsPageTest">
    <skipped/>
  </testcase> <!-- @BeforeMethod setup -->
  <testcase name="@AfterMethod tearDown" time="-1.599910814241E9" classname="com.qa.testcases.ProductsPageTest">
    <skipped/>
  </testcase> <!-- @AfterMethod tearDown -->
  <testcase name="sortingTest" time="0.0" classname="com.qa.testcases.ProductsPageTest">
    <skipped/>
  </testcase> <!-- sortingTest -->
  <testcase name="sortingTest" time="0.0" classname="com.qa.testcases.ProductsPageTest">
    <skipped/>
  </testcase> <!-- sortingTest -->
  <testcase name="sortingTest" time="0.0" classname="com.qa.testcases.ProductsPageTest">
    <skipped/>
  </testcase> <!-- sortingTest -->
  <testcase name="sortingTest" time="0.0" classname="com.qa.testcases.ProductsPageTest">
    <skipped/>
  </testcase> <!-- sortingTest -->
</testsuite> <!-- Default test -->
