<?xml version="1.0" encoding="UTF-8"?>
<!-- Generated by org.testng.reporters.JUnitXMLReporter -->
<testsuite hostname="ARPGL000810" ignored="2" name="Command line test" tests="11" failures="3" timestamp="2020-09-17T21:56:42 IST" time="384.23" errors="0">
  <testcase name="loginPageTitleTest" time="0.008" classname="com.qa.testcases.LoginPageTest"/>
  <testcase name="UITest" time="0.37" classname="com.qa.testcases.LoginPageTest"/>
  <testcase name="stdUserLoginTest" time="25.277" classname="com.qa.testcases.LoginPageTest"/>
  <testcase name="multiUserLoginTest" time="27.246" classname="com.qa.testcases.LoginPageTest"/>
  <testcase name="multiUserLoginTest" time="0.224" classname="com.qa.testcases.LoginPageTest">
    <failure type="java.lang.AssertionError" message="expected [true] but found [false]">
      <![CDATA[java.lang.AssertionError: expected [true] but found [false]
at com.qa.pages.ProductsPage.verifyPageByURL(ProductsPage.java:35)
at com.qa.testcases.LoginPageTest.multiUserLoginTest(LoginPageTest.java:65)
at java.util.ArrayList.forEach(ArrayList.java:1259)
... Removed 41 stack frames]]>
    </failure>
  </testcase> <!-- multiUserLoginTest -->
  <testcase name="multiUserLoginTest" time="1.072" classname="com.qa.testcases.LoginPageTest"/>
  <testcase name="multiUserLoginTest" time="31.522" classname="com.qa.testcases.LoginPageTest"/>
  <testcase name="sortingTest" time="43.559" classname="com.qa.testcases.ProductsPageTest"/>
  <testcase name="sortingTest" time="25.086" classname="com.qa.testcases.ProductsPageTest">
    <failure type="java.lang.AssertionError" message="expected [Sauce Labs OnesieM] but found [Sauce Labs Onesie]">
      <![CDATA[java.lang.AssertionError: expected [Sauce Labs OnesieM] but found [Sauce Labs Onesie]
at com.qa.testcases.ProductsPageTest.sortingTest(ProductsPageTest.java:55)
at java.util.ArrayList.forEach(ArrayList.java:1259)
... Removed 43 stack frames]]>
    </failure>
  </testcase> <!-- sortingTest -->
  <testcase name="sortingTest" time="61.983" classname="com.qa.testcases.ProductsPageTest"/>
  <testcase name="sortingTest" time="60.342" classname="com.qa.testcases.ProductsPageTest">
    <failure type="org.openqa.selenium.TimeoutException" message="timeout: Timed out receiving message from renderer: 60.000
  (Session info: chrome=85.0.4183.102)
Build info: version: &amp;apos;3.141.59&amp;apos;, revision: &amp;apos;e82be7d358&amp;apos;, time: &amp;apos;2018-11-14T08:17:03&amp;apos;
System info: host: &amp;apos;ARPGL000810&amp;apos;, ip: &amp;apos;192.168.43.87&amp;apos;, os.name: &amp;apos;Windows 10&amp;apos;, os.arch: &amp;apos;amd64&amp;apos;, os.version: &amp;apos;10.0&amp;apos;, java.version: &amp;apos;1.8.0_261&amp;apos;
Driver info: org.openqa.selenium.chrome.ChromeDriver
Capabilities {acceptInsecureCerts: false, browserName: chrome, browserVersion: 85.0.4183.102, chrome: {chromedriverVersion: 84.0.4147.30 (48b3e868b4cc0..., userDataDir: C:\Users\ROHIT_~1\AppData\L...}, goog:chromeOptions: {debuggerAddress: localhost:54068}, javascriptEnabled: true, networkConnectionEnabled: false, pageLoadStrategy: normal, platform: WINDOWS, platformName: WINDOWS, proxy: Proxy(), setWindowRect: true, strictFileInteractability: false, timeouts: {implicit: 0, pageLoad: 300000, script: 30000}, unhandledPromptBehavior: dismiss and notify, webauthn:virtualAuthenticators: true}
Session ID: 81dfeda25b537279a46c43f860579855">
      <![CDATA[org.openqa.selenium.TimeoutException: timeout: Timed out receiving message from renderer: 60.000
  (Session info: chrome=85.0.4183.102)
Build info: version: '3.141.59', revision: 'e82be7d358', time: '2018-11-14T08:17:03'
System info: host: 'ARPGL000810', ip: '192.168.43.87', os.name: 'Windows 10', os.arch: 'amd64', os.version: '10.0', java.version: '1.8.0_261'
Driver info: org.openqa.selenium.chrome.ChromeDriver
Capabilities {acceptInsecureCerts: false, browserName: chrome, browserVersion: 85.0.4183.102, chrome: {chromedriverVersion: 84.0.4147.30 (48b3e868b4cc0..., userDataDir: C:\Users\ROHIT_~1\AppData\L...}, goog:chromeOptions: {debuggerAddress: localhost:54068}, javascriptEnabled: true, networkConnectionEnabled: false, pageLoadStrategy: normal, platform: WINDOWS, platformName: WINDOWS, proxy: Proxy(), setWindowRect: true, strictFileInteractability: false, timeouts: {implicit: 0, pageLoad: 300000, script: 30000}, unhandledPromptBehavior: dismiss and notify, webauthn:virtualAuthenticators: true}
Session ID: 81dfeda25b537279a46c43f860579855
at org.openqa.selenium.remote.http.W3CHttpResponseCodec.createException(W3CHttpResponseCodec.java:187)
at org.openqa.selenium.remote.http.W3CHttpResponseCodec.decode(W3CHttpResponseCodec.java:122)
at org.openqa.selenium.remote.http.W3CHttpResponseCodec.decode(W3CHttpResponseCodec.java:49)
at org.openqa.selenium.remote.HttpCommandExecutor.execute(HttpCommandExecutor.java:158)
at org.openqa.selenium.remote.service.DriverCommandExecutor.execute(DriverCommandExecutor.java:83)
at org.openqa.selenium.remote.RemoteWebDriver.execute(RemoteWebDriver.java:552)
at org.openqa.selenium.remote.RemoteWebElement.execute(RemoteWebElement.java:285)
at org.openqa.selenium.remote.RemoteWebElement.click(RemoteWebElement.java:84)
at org.openqa.selenium.support.pagefactory.internal.LocatingElementHandler.invoke(LocatingElementHandler.java:51)
at com.sun.proxy.$Proxy10.click(Unknown Source)
at com.qa.pages.LoginPage.loginAccount(LoginPage.java:42)
at com.qa.testcases.ProductsPageTest.sortingTest(ProductsPageTest.java:53)
at java.util.ArrayList.forEach(ArrayList.java:1259)
... Removed 45 stack frames]]>
    </failure>
  </testcase> <!-- sortingTest -->
  <testcase name="@AfterSuite extentReportCleanUp" time="0.0" classname="com.qa.base.TestBase">
    <ignored/>
  </testcase> <!-- @AfterSuite extentReportCleanUp -->
  <testcase name="@BeforeSuite extentReportSetup" time="0.0" classname="com.qa.base.TestBase">
    <ignored/>
  </testcase> <!-- @BeforeSuite extentReportSetup -->
</testsuite> <!-- Command line test -->
