<?xml version="1.0" encoding="UTF-8"?>
<testng-results skipped="0" failed="3" ignored="2" total="13" passed="8">
  <reporter-output>
  </reporter-output>
  <suite name="Command line suite" duration-ms="384230" started-at="2020-09-17T21:50:17 IST" finished-at="2020-09-17T21:56:41 IST">
    <groups>
    </groups>
    <test name="Command line test" duration-ms="384230" started-at="2020-09-17T21:50:17 IST" finished-at="2020-09-17T21:56:41 IST">
      <class name="com.qa.testcases.ProductsPageTest">
        <test-method status="PASS" signature="setup(java.lang.reflect.Method)[pri:0, instance:com.qa.testcases.ProductsPageTest@2d928643]" name="setup" is-config="true" duration-ms="10902" started-at="2020-09-17T21:52:49 IST" finished-at="2020-09-17T21:53:00 IST">
          <params>
            <param index="0">
              <value>
                <![CDATA[public void com.qa.testcases.ProductsPageTest.sortingTest(java.lang.String,java.lang.String) throws java.lang.InterruptedException]]>
              </value>
            </param>
          </params>
          <reporter-output>
          </reporter-output>
        </test-method> <!-- setup -->
        <test-method status="PASS" signature="sortingTest(java.lang.String, java.lang.String)[pri:0, instance:com.qa.testcases.ProductsPageTest@2d928643]" name="sortingTest" duration-ms="43559" started-at="2020-09-17T21:53:00 IST" data-provider="getUserDetails" finished-at="2020-09-17T21:53:43 IST">
          <params>
            <param index="0">
              <value>
                <![CDATA[hilo]]>
              </value>
            </param>
            <param index="1">
              <value>
                <![CDATA[Sauce Labs Fleece Jacket]]>
              </value>
            </param>
          </params>
          <reporter-output>
          </reporter-output>
        </test-method> <!-- sortingTest -->
        <test-method status="PASS" signature="tearDown(org.testng.ITestResult)[pri:0, instance:com.qa.testcases.ProductsPageTest@2d928643]" name="tearDown" is-config="true" duration-ms="1127" started-at="2020-09-17T21:53:43 IST" finished-at="2020-09-17T21:53:44 IST">
          <params>
            <param index="0">
              <value>
                <![CDATA[[TestResult name=sortingTest status=SUCCESS method=ProductsPageTest.sortingTest(java.lang.String, java.lang.String)[pri:0, instance:com.qa.testcases.ProductsPageTest@2d928643] output={null}]]]>
              </value>
            </param>
          </params>
          <reporter-output>
          </reporter-output>
        </test-method> <!-- tearDown -->
        <test-method status="PASS" signature="setup(java.lang.reflect.Method)[pri:0, instance:com.qa.testcases.ProductsPageTest@2d928643]" name="setup" is-config="true" duration-ms="7905" started-at="2020-09-17T21:53:44 IST" finished-at="2020-09-17T21:53:52 IST">
          <params>
            <param index="0">
              <value>
                <![CDATA[public void com.qa.testcases.ProductsPageTest.sortingTest(java.lang.String,java.lang.String) throws java.lang.InterruptedException]]>
              </value>
            </param>
          </params>
          <reporter-output>
          </reporter-output>
        </test-method> <!-- setup -->
        <test-method status="FAIL" signature="sortingTest(java.lang.String, java.lang.String)[pri:0, instance:com.qa.testcases.ProductsPageTest@2d928643]" name="sortingTest" duration-ms="25086" started-at="2020-09-17T21:53:52 IST" data-provider="getUserDetails" finished-at="2020-09-17T21:54:17 IST">
          <params>
            <param index="0">
              <value>
                <![CDATA[lohi]]>
              </value>
            </param>
            <param index="1">
              <value>
                <![CDATA[Sauce Labs OnesieM]]>
              </value>
            </param>
          </params>
          <exception class="java.lang.AssertionError">
            <message>
              <![CDATA[expected [Sauce Labs OnesieM] but found [Sauce Labs Onesie]]]>
            </message>
            <full-stacktrace>
              <![CDATA[java.lang.AssertionError: expected [Sauce Labs OnesieM] but found [Sauce Labs Onesie]
at org.testng.Assert.fail(Assert.java:99)
at org.testng.Assert.failNotEquals(Assert.java:1037)
at org.testng.Assert.assertEqualsImpl(Assert.java:140)
at org.testng.Assert.assertEquals(Assert.java:122)
at org.testng.Assert.assertEquals(Assert.java:629)
at org.testng.Assert.assertEquals(Assert.java:639)
at com.qa.testcases.ProductsPageTest.sortingTest(ProductsPageTest.java:55)
at sun.reflect.NativeMethodAccessorImpl.invoke0(Native Method)
at sun.reflect.NativeMethodAccessorImpl.invoke(NativeMethodAccessorImpl.java:62)
at sun.reflect.DelegatingMethodAccessorImpl.invoke(DelegatingMethodAccessorImpl.java:43)
at java.lang.reflect.Method.invoke(Method.java:498)
at org.testng.internal.MethodInvocationHelper.invokeMethod(MethodInvocationHelper.java:132)
at org.testng.internal.TestInvoker.invokeMethod(TestInvoker.java:599)
at org.testng.internal.TestInvoker.invokeTestMethod(TestInvoker.java:174)
at org.testng.internal.MethodRunner.runInSequence(MethodRunner.java:46)
at org.testng.internal.TestInvoker$MethodInvocationAgent.invoke(TestInvoker.java:822)
at org.testng.internal.TestInvoker.invokeTestMethods(TestInvoker.java:147)
at org.testng.internal.TestMethodWorker.invokeTestMethods(TestMethodWorker.java:146)
at org.testng.internal.TestMethodWorker.run(TestMethodWorker.java:128)
at java.util.ArrayList.forEach(ArrayList.java:1259)
at org.testng.TestRunner.privateRun(TestRunner.java:764)
at org.testng.TestRunner.run(TestRunner.java:585)
at org.testng.SuiteRunner.runTest(SuiteRunner.java:384)
at org.testng.SuiteRunner.runSequentially(SuiteRunner.java:378)
at org.testng.SuiteRunner.privateRun(SuiteRunner.java:337)
at org.testng.SuiteRunner.run(SuiteRunner.java:286)
at org.testng.SuiteRunnerWorker.runSuite(SuiteRunnerWorker.java:53)
at org.testng.SuiteRunnerWorker.run(SuiteRunnerWorker.java:96)
at org.testng.TestNG.runSuitesSequentially(TestNG.java:1218)
at org.testng.TestNG.runSuitesLocally(TestNG.java:1140)
at org.testng.TestNG.runSuites(TestNG.java:1069)
at org.testng.TestNG.run(TestNG.java:1037)
at org.apache.maven.surefire.testng.TestNGExecutor.run(TestNGExecutor.java:77)
at org.apache.maven.surefire.testng.TestNGDirectoryTestSuite.executeMulti(TestNGDirectoryTestSuite.java:159)
at org.apache.maven.surefire.testng.TestNGDirectoryTestSuite.execute(TestNGDirectoryTestSuite.java:99)
at org.apache.maven.surefire.testng.TestNGProvider.invoke(TestNGProvider.java:106)
at sun.reflect.NativeMethodAccessorImpl.invoke0(Native Method)
at sun.reflect.NativeMethodAccessorImpl.invoke(NativeMethodAccessorImpl.java:62)
at sun.reflect.DelegatingMethodAccessorImpl.invoke(DelegatingMethodAccessorImpl.java:43)
at java.lang.reflect.Method.invoke(Method.java:498)
at org.apache.maven.surefire.util.ReflectionUtils.invokeMethodWithArray(ReflectionUtils.java:189)
at org.apache.maven.surefire.booter.ProviderFactory$ProviderProxy.invoke(ProviderFactory.java:165)
at org.apache.maven.surefire.booter.ProviderFactory.invokeProvider(ProviderFactory.java:85)
at org.apache.maven.surefire.booter.ForkedBooter.runSuitesInProcess(ForkedBooter.java:115)
at org.apache.maven.surefire.booter.ForkedBooter.main(ForkedBooter.java:75)
]]>
            </full-stacktrace>
          </exception> <!-- java.lang.AssertionError -->
          <reporter-output>
          </reporter-output>
        </test-method> <!-- sortingTest -->
        <test-method status="PASS" signature="tearDown(org.testng.ITestResult)[pri:0, instance:com.qa.testcases.ProductsPageTest@2d928643]" name="tearDown" is-config="true" duration-ms="1114" started-at="2020-09-17T21:54:17 IST" finished-at="2020-09-17T21:54:19 IST">
          <params>
            <param index="0">
              <value>
                <![CDATA[[TestResult name=sortingTest status=FAILURE method=ProductsPageTest.sortingTest(java.lang.String, java.lang.String)[pri:0, instance:com.qa.testcases.ProductsPageTest@2d928643] output={null}]]]>
              </value>
            </param>
          </params>
          <reporter-output>
          </reporter-output>
        </test-method> <!-- tearDown -->
        <test-method status="PASS" signature="setup(java.lang.reflect.Method)[pri:0, instance:com.qa.testcases.ProductsPageTest@2d928643]" name="setup" is-config="true" duration-ms="7600" started-at="2020-09-17T21:54:19 IST" finished-at="2020-09-17T21:54:26 IST">
          <params>
            <param index="0">
              <value>
                <![CDATA[public void com.qa.testcases.ProductsPageTest.sortingTest(java.lang.String,java.lang.String) throws java.lang.InterruptedException]]>
              </value>
            </param>
          </params>
          <reporter-output>
          </reporter-output>
        </test-method> <!-- setup -->
        <test-method status="PASS" signature="sortingTest(java.lang.String, java.lang.String)[pri:0, instance:com.qa.testcases.ProductsPageTest@2d928643]" name="sortingTest" duration-ms="61983" started-at="2020-09-17T21:54:26 IST" data-provider="getUserDetails" finished-at="2020-09-17T21:55:28 IST">
          <params>
            <param index="0">
              <value>
                <![CDATA[za]]>
              </value>
            </param>
            <param index="1">
              <value>
                <![CDATA[Test.allTheThings() T-Shirt (Red)]]>
              </value>
            </param>
          </params>
          <reporter-output>
          </reporter-output>
        </test-method> <!-- sortingTest -->
        <test-method status="PASS" signature="tearDown(org.testng.ITestResult)[pri:0, instance:com.qa.testcases.ProductsPageTest@2d928643]" name="tearDown" is-config="true" duration-ms="1128" started-at="2020-09-17T21:55:28 IST" finished-at="2020-09-17T21:55:29 IST">
          <params>
            <param index="0">
              <value>
                <![CDATA[[TestResult name=sortingTest status=SUCCESS method=ProductsPageTest.sortingTest(java.lang.String, java.lang.String)[pri:0, instance:com.qa.testcases.ProductsPageTest@2d928643] output={null}]]]>
              </value>
            </param>
          </params>
          <reporter-output>
          </reporter-output>
        </test-method> <!-- tearDown -->
        <test-method status="PASS" signature="setup(java.lang.reflect.Method)[pri:0, instance:com.qa.testcases.ProductsPageTest@2d928643]" name="setup" is-config="true" duration-ms="10725" started-at="2020-09-17T21:55:29 IST" finished-at="2020-09-17T21:55:40 IST">
          <params>
            <param index="0">
              <value>
                <![CDATA[public void com.qa.testcases.ProductsPageTest.sortingTest(java.lang.String,java.lang.String) throws java.lang.InterruptedException]]>
              </value>
            </param>
          </params>
          <reporter-output>
          </reporter-output>
        </test-method> <!-- setup -->
        <test-method status="FAIL" signature="sortingTest(java.lang.String, java.lang.String)[pri:0, instance:com.qa.testcases.ProductsPageTest@2d928643]" name="sortingTest" duration-ms="60342" started-at="2020-09-17T21:55:40 IST" data-provider="getUserDetails" finished-at="2020-09-17T21:56:40 IST">
          <params>
            <param index="0">
              <value>
                <![CDATA[az]]>
              </value>
            </param>
            <param index="1">
              <value>
                <![CDATA[Sauce Labs BackpackM]]>
              </value>
            </param>
          </params>
          <exception class="org.openqa.selenium.TimeoutException">
            <message>
              <![CDATA[timeout: Timed out receiving message from renderer: 60.000
  (Session info: chrome=85.0.4183.102)
Build info: version: '3.141.59', revision: 'e82be7d358', time: '2018-11-14T08:17:03'
System info: host: 'ARPGL000810', ip: '192.168.43.87', os.name: 'Windows 10', os.arch: 'amd64', os.version: '10.0', java.version: '1.8.0_261'
Driver info: org.openqa.selenium.chrome.ChromeDriver
Capabilities {acceptInsecureCerts: false, browserName: chrome, browserVersion: 85.0.4183.102, chrome: {chromedriverVersion: 84.0.4147.30 (48b3e868b4cc0..., userDataDir: C:\Users\ROHIT_~1\AppData\L...}, goog:chromeOptions: {debuggerAddress: localhost:54068}, javascriptEnabled: true, networkConnectionEnabled: false, pageLoadStrategy: normal, platform: WINDOWS, platformName: WINDOWS, proxy: Proxy(), setWindowRect: true, strictFileInteractability: false, timeouts: {implicit: 0, pageLoad: 300000, script: 30000}, unhandledPromptBehavior: dismiss and notify, webauthn:virtualAuthenticators: true}
Session ID: 81dfeda25b537279a46c43f860579855]]>
            </message>
            <full-stacktrace>
              <![CDATA[org.openqa.selenium.TimeoutException: timeout: Timed out receiving message from renderer: 60.000
  (Session info: chrome=85.0.4183.102)
Build info: version: '3.141.59', revision: 'e82be7d358', time: '2018-11-14T08:17:03'
System info: host: 'ARPGL000810', ip: '192.168.43.87', os.name: 'Windows 10', os.arch: 'amd64', os.version: '10.0', java.version: '1.8.0_261'
Driver info: org.openqa.selenium.chrome.ChromeDriver
Capabilities {acceptInsecureCerts: false, browserName: chrome, browserVersion: 85.0.4183.102, chrome: {chromedriverVersion: 84.0.4147.30 (48b3e868b4cc0..., userDataDir: C:\Users\ROHIT_~1\AppData\L...}, goog:chromeOptions: {debuggerAddress: localhost:54068}, javascriptEnabled: true, networkConnectionEnabled: false, pageLoadStrategy: normal, platform: WINDOWS, platformName: WINDOWS, proxy: Proxy(), setWindowRect: true, strictFileInteractability: false, timeouts: {implicit: 0, pageLoad: 300000, script: 30000}, unhandledPromptBehavior: dismiss and notify, webauthn:virtualAuthenticators: true}
Session ID: 81dfeda25b537279a46c43f860579855
at sun.reflect.NativeConstructorAccessorImpl.newInstance0(Native Method)
at sun.reflect.NativeConstructorAccessorImpl.newInstance(NativeConstructorAccessorImpl.java:62)
at sun.reflect.DelegatingConstructorAccessorImpl.newInstance(DelegatingConstructorAccessorImpl.java:45)
at java.lang.reflect.Constructor.newInstance(Constructor.java:423)
at org.openqa.selenium.remote.http.W3CHttpResponseCodec.createException(W3CHttpResponseCodec.java:187)
at org.openqa.selenium.remote.http.W3CHttpResponseCodec.decode(W3CHttpResponseCodec.java:122)
at org.openqa.selenium.remote.http.W3CHttpResponseCodec.decode(W3CHttpResponseCodec.java:49)
at org.openqa.selenium.remote.HttpCommandExecutor.execute(HttpCommandExecutor.java:158)
at org.openqa.selenium.remote.service.DriverCommandExecutor.execute(DriverCommandExecutor.java:83)
at org.openqa.selenium.remote.RemoteWebDriver.execute(RemoteWebDriver.java:552)
at org.openqa.selenium.remote.RemoteWebElement.execute(RemoteWebElement.java:285)
at org.openqa.selenium.remote.RemoteWebElement.click(RemoteWebElement.java:84)
at sun.reflect.NativeMethodAccessorImpl.invoke0(Native Method)
at sun.reflect.NativeMethodAccessorImpl.invoke(NativeMethodAccessorImpl.java:62)
at sun.reflect.DelegatingMethodAccessorImpl.invoke(DelegatingMethodAccessorImpl.java:43)
at java.lang.reflect.Method.invoke(Method.java:498)
at org.openqa.selenium.support.pagefactory.internal.LocatingElementHandler.invoke(LocatingElementHandler.java:51)
at com.sun.proxy.$Proxy10.click(Unknown Source)
at com.qa.pages.LoginPage.loginAccount(LoginPage.java:42)
at com.qa.testcases.ProductsPageTest.sortingTest(ProductsPageTest.java:53)
at sun.reflect.NativeMethodAccessorImpl.invoke0(Native Method)
at sun.reflect.NativeMethodAccessorImpl.invoke(NativeMethodAccessorImpl.java:62)
at sun.reflect.DelegatingMethodAccessorImpl.invoke(DelegatingMethodAccessorImpl.java:43)
at java.lang.reflect.Method.invoke(Method.java:498)
at org.testng.internal.MethodInvocationHelper.invokeMethod(MethodInvocationHelper.java:132)
at org.testng.internal.TestInvoker.invokeMethod(TestInvoker.java:599)
at org.testng.internal.TestInvoker.invokeTestMethod(TestInvoker.java:174)
at org.testng.internal.MethodRunner.runInSequence(MethodRunner.java:46)
at org.testng.internal.TestInvoker$MethodInvocationAgent.invoke(TestInvoker.java:822)
at org.testng.internal.TestInvoker.invokeTestMethods(TestInvoker.java:147)
at org.testng.internal.TestMethodWorker.invokeTestMethods(TestMethodWorker.java:146)
at org.testng.internal.TestMethodWorker.run(TestMethodWorker.java:128)
at java.util.ArrayList.forEach(ArrayList.java:1259)
at org.testng.TestRunner.privateRun(TestRunner.java:764)
at org.testng.TestRunner.run(TestRunner.java:585)
at org.testng.SuiteRunner.runTest(SuiteRunner.java:384)
at org.testng.SuiteRunner.runSequentially(SuiteRunner.java:378)
at org.testng.SuiteRunner.privateRun(SuiteRunner.java:337)
at org.testng.SuiteRunner.run(SuiteRunner.java:286)
at org.testng.SuiteRunnerWorker.runSuite(SuiteRunnerWorker.java:53)
at org.testng.SuiteRunnerWorker.run(SuiteRunnerWorker.java:96)
at org.testng.TestNG.runSuitesSequentially(TestNG.java:1218)
at org.testng.TestNG.runSuitesLocally(TestNG.java:1140)
at org.testng.TestNG.runSuites(TestNG.java:1069)
at org.testng.TestNG.run(TestNG.java:1037)
at org.apache.maven.surefire.testng.TestNGExecutor.run(TestNGExecutor.java:77)
at org.apache.maven.surefire.testng.TestNGDirectoryTestSuite.executeMulti(TestNGDirectoryTestSuite.java:159)
at org.apache.maven.surefire.testng.TestNGDirectoryTestSuite.execute(TestNGDirectoryTestSuite.java:99)
at org.apache.maven.surefire.testng.TestNGProvider.invoke(TestNGProvider.java:106)
at sun.reflect.NativeMethodAccessorImpl.invoke0(Native Method)
at sun.reflect.NativeMethodAccessorImpl.invoke(NativeMethodAccessorImpl.java:62)
at sun.reflect.DelegatingMethodAccessorImpl.invoke(DelegatingMethodAccessorImpl.java:43)
at java.lang.reflect.Method.invoke(Method.java:498)
at org.apache.maven.surefire.util.ReflectionUtils.invokeMethodWithArray(ReflectionUtils.java:189)
at org.apache.maven.surefire.booter.ProviderFactory$ProviderProxy.invoke(ProviderFactory.java:165)
at org.apache.maven.surefire.booter.ProviderFactory.invokeProvider(ProviderFactory.java:85)
at org.apache.maven.surefire.booter.ForkedBooter.runSuitesInProcess(ForkedBooter.java:115)
at org.apache.maven.surefire.booter.ForkedBooter.main(ForkedBooter.java:75)
]]>
            </full-stacktrace>
          </exception> <!-- org.openqa.selenium.TimeoutException -->
          <reporter-output>
          </reporter-output>
        </test-method> <!-- sortingTest -->
        <test-method status="PASS" signature="tearDown(org.testng.ITestResult)[pri:0, instance:com.qa.testcases.ProductsPageTest@2d928643]" name="tearDown" is-config="true" duration-ms="1135" started-at="2020-09-17T21:56:40 IST" finished-at="2020-09-17T21:56:41 IST">
          <params>
            <param index="0">
              <value>
                <![CDATA[[TestResult name=sortingTest status=FAILURE method=ProductsPageTest.sortingTest(java.lang.String, java.lang.String)[pri:0, instance:com.qa.testcases.ProductsPageTest@2d928643] output={null}]]]>
              </value>
            </param>
          </params>
          <reporter-output>
          </reporter-output>
        </test-method> <!-- tearDown -->
      </class> <!-- com.qa.testcases.ProductsPageTest -->
      <class name="com.qa.testcases.LoginPageTest">
        <test-method status="PASS" signature="extentReportSetup()[pri:0, instance:com.qa.testcases.LoginPageTest@6adede5]" name="extentReportSetup" is-config="true" duration-ms="358" started-at="2020-09-17T21:50:17 IST" finished-at="2020-09-17T21:50:17 IST">
          <reporter-output>
          </reporter-output>
        </test-method> <!-- extentReportSetup -->
        <test-method status="PASS" signature="setUp(java.lang.reflect.Method)[pri:0, instance:com.qa.testcases.LoginPageTest@6adede5]" name="setUp" is-config="true" duration-ms="11523" started-at="2020-09-17T21:50:17 IST" finished-at="2020-09-17T21:50:29 IST">
          <params>
            <param index="0">
              <value>
                <![CDATA[public void com.qa.testcases.LoginPageTest.loginPageTitleTest()]]>
              </value>
            </param>
          </params>
          <reporter-output>
          </reporter-output>
        </test-method> <!-- setUp -->
        <test-method status="PASS" signature="loginPageTitleTest()[pri:0, instance:com.qa.testcases.LoginPageTest@6adede5]" name="loginPageTitleTest" duration-ms="8" started-at="2020-09-17T21:50:29 IST" finished-at="2020-09-17T21:50:29 IST">
          <reporter-output>
          </reporter-output>
        </test-method> <!-- loginPageTitleTest -->
        <test-method status="PASS" signature="tearDown(org.testng.ITestResult)[pri:0, instance:com.qa.testcases.LoginPageTest@6adede5]" name="tearDown" is-config="true" duration-ms="1490" started-at="2020-09-17T21:50:29 IST" finished-at="2020-09-17T21:50:30 IST">
          <params>
            <param index="0">
              <value>
                <![CDATA[[TestResult name=loginPageTitleTest status=SUCCESS method=LoginPageTest.loginPageTitleTest()[pri:0, instance:com.qa.testcases.LoginPageTest@6adede5] output={null}]]]>
              </value>
            </param>
          </params>
          <reporter-output>
          </reporter-output>
        </test-method> <!-- tearDown -->
        <test-method status="PASS" signature="setUp(java.lang.reflect.Method)[pri:0, instance:com.qa.testcases.LoginPageTest@6adede5]" name="setUp" is-config="true" duration-ms="7375" started-at="2020-09-17T21:50:30 IST" finished-at="2020-09-17T21:50:38 IST">
          <params>
            <param index="0">
              <value>
                <![CDATA[public void com.qa.testcases.LoginPageTest.UITest()]]>
              </value>
            </param>
          </params>
          <reporter-output>
          </reporter-output>
        </test-method> <!-- setUp -->
        <test-method status="PASS" signature="UITest()[pri:1, instance:com.qa.testcases.LoginPageTest@6adede5]" name="UITest" duration-ms="370" started-at="2020-09-17T21:50:38 IST" finished-at="2020-09-17T21:50:38 IST">
          <reporter-output>
          </reporter-output>
        </test-method> <!-- UITest -->
        <test-method status="PASS" signature="tearDown(org.testng.ITestResult)[pri:0, instance:com.qa.testcases.LoginPageTest@6adede5]" name="tearDown" is-config="true" duration-ms="1383" started-at="2020-09-17T21:50:38 IST" finished-at="2020-09-17T21:50:39 IST">
          <params>
            <param index="0">
              <value>
                <![CDATA[[TestResult name=UITest status=SUCCESS method=LoginPageTest.UITest()[pri:1, instance:com.qa.testcases.LoginPageTest@6adede5] output={null}]]]>
              </value>
            </param>
          </params>
          <reporter-output>
          </reporter-output>
        </test-method> <!-- tearDown -->
        <test-method status="PASS" signature="setUp(java.lang.reflect.Method)[pri:0, instance:com.qa.testcases.LoginPageTest@6adede5]" name="setUp" is-config="true" duration-ms="7150" started-at="2020-09-17T21:50:39 IST" finished-at="2020-09-17T21:50:47 IST">
          <params>
            <param index="0">
              <value>
                <![CDATA[public void com.qa.testcases.LoginPageTest.stdUserLoginTest()]]>
              </value>
            </param>
          </params>
          <reporter-output>
          </reporter-output>
        </test-method> <!-- setUp -->
        <test-method status="PASS" signature="stdUserLoginTest()[pri:2, instance:com.qa.testcases.LoginPageTest@6adede5]" name="stdUserLoginTest" duration-ms="25277" started-at="2020-09-17T21:50:47 IST" finished-at="2020-09-17T21:51:12 IST">
          <reporter-output>
          </reporter-output>
        </test-method> <!-- stdUserLoginTest -->
        <test-method status="PASS" signature="tearDown(org.testng.ITestResult)[pri:0, instance:com.qa.testcases.LoginPageTest@6adede5]" name="tearDown" is-config="true" duration-ms="1463" started-at="2020-09-17T21:51:12 IST" finished-at="2020-09-17T21:51:13 IST">
          <params>
            <param index="0">
              <value>
                <![CDATA[[TestResult name=stdUserLoginTest status=SUCCESS method=LoginPageTest.stdUserLoginTest()[pri:2, instance:com.qa.testcases.LoginPageTest@6adede5] output={null}]]]>
              </value>
            </param>
          </params>
          <reporter-output>
          </reporter-output>
        </test-method> <!-- tearDown -->
        <test-method status="PASS" signature="setUp(java.lang.reflect.Method)[pri:0, instance:com.qa.testcases.LoginPageTest@6adede5]" name="setUp" is-config="true" duration-ms="7421" started-at="2020-09-17T21:51:14 IST" finished-at="2020-09-17T21:51:22 IST">
          <params>
            <param index="0">
              <value>
                <![CDATA[public void com.qa.testcases.LoginPageTest.multiUserLoginTest(java.lang.String,java.lang.String)]]>
              </value>
            </param>
          </params>
          <reporter-output>
          </reporter-output>
        </test-method> <!-- setUp -->
        <test-method status="PASS" signature="multiUserLoginTest(java.lang.String, java.lang.String)[pri:3, instance:com.qa.testcases.LoginPageTest@6adede5]" name="multiUserLoginTest" duration-ms="27246" started-at="2020-09-17T21:51:22 IST" data-provider="getUserDetails" finished-at="2020-09-17T21:51:49 IST">
          <params>
            <param index="0">
              <value>
                <![CDATA[standard_user]]>
              </value>
            </param>
            <param index="1">
              <value>
                <![CDATA[secret_sauce]]>
              </value>
            </param>
          </params>
          <reporter-output>
          </reporter-output>
        </test-method> <!-- multiUserLoginTest -->
        <test-method status="PASS" signature="tearDown(org.testng.ITestResult)[pri:0, instance:com.qa.testcases.LoginPageTest@6adede5]" name="tearDown" is-config="true" duration-ms="1137" started-at="2020-09-17T21:51:49 IST" finished-at="2020-09-17T21:51:50 IST">
          <params>
            <param index="0">
              <value>
                <![CDATA[[TestResult name=multiUserLoginTest status=SUCCESS method=LoginPageTest.multiUserLoginTest(java.lang.String, java.lang.String)[pri:3, instance:com.qa.testcases.LoginPageTest@6adede5] output={null}]]]>
              </value>
            </param>
          </params>
          <reporter-output>
          </reporter-output>
        </test-method> <!-- tearDown -->
        <test-method status="PASS" signature="setUp(java.lang.reflect.Method)[pri:0, instance:com.qa.testcases.LoginPageTest@6adede5]" name="setUp" is-config="true" duration-ms="7565" started-at="2020-09-17T21:51:50 IST" finished-at="2020-09-17T21:51:58 IST">
          <params>
            <param index="0">
              <value>
                <![CDATA[public void com.qa.testcases.LoginPageTest.multiUserLoginTest(java.lang.String,java.lang.String)]]>
              </value>
            </param>
          </params>
          <reporter-output>
          </reporter-output>
        </test-method> <!-- setUp -->
        <test-method status="FAIL" signature="multiUserLoginTest(java.lang.String, java.lang.String)[pri:3, instance:com.qa.testcases.LoginPageTest@6adede5]" name="multiUserLoginTest" duration-ms="224" started-at="2020-09-17T21:51:58 IST" data-provider="getUserDetails" finished-at="2020-09-17T21:51:58 IST">
          <params>
            <param index="0">
              <value>
                <![CDATA[locked_out_user]]>
              </value>
            </param>
            <param index="1">
              <value>
                <![CDATA[secret_sauce]]>
              </value>
            </param>
          </params>
          <exception class="java.lang.AssertionError">
            <message>
              <![CDATA[expected [true] but found [false]]]>
            </message>
            <full-stacktrace>
              <![CDATA[java.lang.AssertionError: expected [true] but found [false]
at org.testng.Assert.fail(Assert.java:99)
at org.testng.Assert.failNotEquals(Assert.java:1037)
at org.testng.Assert.assertTrue(Assert.java:45)
at org.testng.Assert.assertTrue(Assert.java:55)
at com.qa.pages.ProductsPage.verifyPageByURL(ProductsPage.java:35)
at com.qa.testcases.LoginPageTest.multiUserLoginTest(LoginPageTest.java:65)
at sun.reflect.NativeMethodAccessorImpl.invoke0(Native Method)
at sun.reflect.NativeMethodAccessorImpl.invoke(NativeMethodAccessorImpl.java:62)
at sun.reflect.DelegatingMethodAccessorImpl.invoke(DelegatingMethodAccessorImpl.java:43)
at java.lang.reflect.Method.invoke(Method.java:498)
at org.testng.internal.MethodInvocationHelper.invokeMethod(MethodInvocationHelper.java:132)
at org.testng.internal.TestInvoker.invokeMethod(TestInvoker.java:599)
at org.testng.internal.TestInvoker.invokeTestMethod(TestInvoker.java:174)
at org.testng.internal.MethodRunner.runInSequence(MethodRunner.java:46)
at org.testng.internal.TestInvoker$MethodInvocationAgent.invoke(TestInvoker.java:822)
at org.testng.internal.TestInvoker.invokeTestMethods(TestInvoker.java:147)
at org.testng.internal.TestMethodWorker.invokeTestMethods(TestMethodWorker.java:146)
at org.testng.internal.TestMethodWorker.run(TestMethodWorker.java:128)
at java.util.ArrayList.forEach(ArrayList.java:1259)
at org.testng.TestRunner.privateRun(TestRunner.java:764)
at org.testng.TestRunner.run(TestRunner.java:585)
at org.testng.SuiteRunner.runTest(SuiteRunner.java:384)
at org.testng.SuiteRunner.runSequentially(SuiteRunner.java:378)
at org.testng.SuiteRunner.privateRun(SuiteRunner.java:337)
at org.testng.SuiteRunner.run(SuiteRunner.java:286)
at org.testng.SuiteRunnerWorker.runSuite(SuiteRunnerWorker.java:53)
at org.testng.SuiteRunnerWorker.run(SuiteRunnerWorker.java:96)
at org.testng.TestNG.runSuitesSequentially(TestNG.java:1218)
at org.testng.TestNG.runSuitesLocally(TestNG.java:1140)
at org.testng.TestNG.runSuites(TestNG.java:1069)
at org.testng.TestNG.run(TestNG.java:1037)
at org.apache.maven.surefire.testng.TestNGExecutor.run(TestNGExecutor.java:77)
at org.apache.maven.surefire.testng.TestNGDirectoryTestSuite.executeMulti(TestNGDirectoryTestSuite.java:159)
at org.apache.maven.surefire.testng.TestNGDirectoryTestSuite.execute(TestNGDirectoryTestSuite.java:99)
at org.apache.maven.surefire.testng.TestNGProvider.invoke(TestNGProvider.java:106)
at sun.reflect.NativeMethodAccessorImpl.invoke0(Native Method)
at sun.reflect.NativeMethodAccessorImpl.invoke(NativeMethodAccessorImpl.java:62)
at sun.reflect.DelegatingMethodAccessorImpl.invoke(DelegatingMethodAccessorImpl.java:43)
at java.lang.reflect.Method.invoke(Method.java:498)
at org.apache.maven.surefire.util.ReflectionUtils.invokeMethodWithArray(ReflectionUtils.java:189)
at org.apache.maven.surefire.booter.ProviderFactory$ProviderProxy.invoke(ProviderFactory.java:165)
at org.apache.maven.surefire.booter.ProviderFactory.invokeProvider(ProviderFactory.java:85)
at org.apache.maven.surefire.booter.ForkedBooter.runSuitesInProcess(ForkedBooter.java:115)
at org.apache.maven.surefire.booter.ForkedBooter.main(ForkedBooter.java:75)
]]>
            </full-stacktrace>
          </exception> <!-- java.lang.AssertionError -->
          <reporter-output>
          </reporter-output>
        </test-method> <!-- multiUserLoginTest -->
        <test-method status="PASS" signature="tearDown(org.testng.ITestResult)[pri:0, instance:com.qa.testcases.LoginPageTest@6adede5]" name="tearDown" is-config="true" duration-ms="1139" started-at="2020-09-17T21:51:58 IST" finished-at="2020-09-17T21:51:59 IST">
          <params>
            <param index="0">
              <value>
                <![CDATA[[TestResult name=multiUserLoginTest status=FAILURE method=LoginPageTest.multiUserLoginTest(java.lang.String, java.lang.String)[pri:3, instance:com.qa.testcases.LoginPageTest@6adede5] output={null}]]]>
              </value>
            </param>
          </params>
          <reporter-output>
          </reporter-output>
        </test-method> <!-- tearDown -->
        <test-method status="PASS" signature="setUp(java.lang.reflect.Method)[pri:0, instance:com.qa.testcases.LoginPageTest@6adede5]" name="setUp" is-config="true" duration-ms="7077" started-at="2020-09-17T21:51:59 IST" finished-at="2020-09-17T21:52:06 IST">
          <params>
            <param index="0">
              <value>
                <![CDATA[public void com.qa.testcases.LoginPageTest.multiUserLoginTest(java.lang.String,java.lang.String)]]>
              </value>
            </param>
          </params>
          <reporter-output>
          </reporter-output>
        </test-method> <!-- setUp -->
        <test-method status="PASS" signature="multiUserLoginTest(java.lang.String, java.lang.String)[pri:3, instance:com.qa.testcases.LoginPageTest@6adede5]" name="multiUserLoginTest" duration-ms="1072" started-at="2020-09-17T21:52:06 IST" data-provider="getUserDetails" finished-at="2020-09-17T21:52:07 IST">
          <params>
            <param index="0">
              <value>
                <![CDATA[problem_user]]>
              </value>
            </param>
            <param index="1">
              <value>
                <![CDATA[secret_sauce]]>
              </value>
            </param>
          </params>
          <reporter-output>
          </reporter-output>
        </test-method> <!-- multiUserLoginTest -->
        <test-method status="PASS" signature="tearDown(org.testng.ITestResult)[pri:0, instance:com.qa.testcases.LoginPageTest@6adede5]" name="tearDown" is-config="true" duration-ms="1046" started-at="2020-09-17T21:52:07 IST" finished-at="2020-09-17T21:52:08 IST">
          <params>
            <param index="0">
              <value>
                <![CDATA[[TestResult name=multiUserLoginTest status=SUCCESS method=LoginPageTest.multiUserLoginTest(java.lang.String, java.lang.String)[pri:3, instance:com.qa.testcases.LoginPageTest@6adede5] output={null}]]]>
              </value>
            </param>
          </params>
          <reporter-output>
          </reporter-output>
        </test-method> <!-- tearDown -->
        <test-method status="PASS" signature="setUp(java.lang.reflect.Method)[pri:0, instance:com.qa.testcases.LoginPageTest@6adede5]" name="setUp" is-config="true" duration-ms="7826" started-at="2020-09-17T21:52:08 IST" finished-at="2020-09-17T21:52:16 IST">
          <params>
            <param index="0">
              <value>
                <![CDATA[public void com.qa.testcases.LoginPageTest.multiUserLoginTest(java.lang.String,java.lang.String)]]>
              </value>
            </param>
          </params>
          <reporter-output>
          </reporter-output>
        </test-method> <!-- setUp -->
        <test-method status="PASS" signature="multiUserLoginTest(java.lang.String, java.lang.String)[pri:3, instance:com.qa.testcases.LoginPageTest@6adede5]" name="multiUserLoginTest" duration-ms="31522" started-at="2020-09-17T21:52:16 IST" data-provider="getUserDetails" finished-at="2020-09-17T21:52:48 IST">
          <params>
            <param index="0">
              <value>
                <![CDATA[performance_glitch_user]]>
              </value>
            </param>
            <param index="1">
              <value>
                <![CDATA[secret_sauce]]>
              </value>
            </param>
          </params>
          <reporter-output>
          </reporter-output>
        </test-method> <!-- multiUserLoginTest -->
        <test-method status="PASS" signature="tearDown(org.testng.ITestResult)[pri:0, instance:com.qa.testcases.LoginPageTest@6adede5]" name="tearDown" is-config="true" duration-ms="1149" started-at="2020-09-17T21:52:48 IST" finished-at="2020-09-17T21:52:49 IST">
          <params>
            <param index="0">
              <value>
                <![CDATA[[TestResult name=multiUserLoginTest status=SUCCESS method=LoginPageTest.multiUserLoginTest(java.lang.String, java.lang.String)[pri:3, instance:com.qa.testcases.LoginPageTest@6adede5] output={null}]]]>
              </value>
            </param>
          </params>
          <reporter-output>
          </reporter-output>
        </test-method> <!-- tearDown -->
        <test-method status="PASS" signature="extentReportCleanUp()[pri:0, instance:com.qa.testcases.LoginPageTest@6adede5]" name="extentReportCleanUp" is-config="true" duration-ms="650" started-at="2020-09-17T21:56:42 IST" finished-at="2020-09-17T21:56:42 IST">
          <reporter-output>
          </reporter-output>
        </test-method> <!-- extentReportCleanUp -->
      </class> <!-- com.qa.testcases.LoginPageTest -->
    </test> <!-- Command line test -->
  </suite> <!-- Command line suite -->
</testng-results>
